<?xml version="1.0" encoding="UTF-8"?>
<!-- Generated by org.testng.reporters.JUnitReportReporter -->
<testsuite hostname="EEFT-748YP73" failures="0" tests="1" name="com.herokuapp.theinternet.PositiveTests" time="8.262" errors="0" timestamp="2021-07-30T16:29:18 CEST" skipped="0">
  <testcase classname="com.herokuapp.theinternet.PositiveTests" name="loginTest" time="8.262"/>
  <system-out/>
</testsuite> <!-- com.herokuapp.theinternet.PositiveTests -->
